2019-06-06 20:29:29,731 TRACE org.springframework.web.filter.RequestContextFilter [http-nio-8080-exec-2] Bound request context to thread: org.apache.catalina.connector.RequestFacade@2f077128
2019-06-06 20:29:29,731 DEBUG org.springframework.security.web.util.matcher.OrRequestMatcher [http-nio-8080-exec-2] Trying to match using Ant [pattern='/oauth/token']
2019-06-06 20:29:29,731 DEBUG org.springframework.security.web.util.matcher.AntPathRequestMatcher [http-nio-8080-exec-2] Checking match of request : '/oauth/token'; against '/oauth/token'
2019-06-06 20:29:29,732 DEBUG org.springframework.security.web.util.matcher.OrRequestMatcher [http-nio-8080-exec-2] matched
2019-06-06 20:29:29,732 DEBUG org.springframework.security.web.FilterChainProxy$VirtualFilterChain [http-nio-8080-exec-2] /oauth/token at position 1 of 11 in additional filter chain; firing Filter: 'WebAsyncManagerIntegrationFilter'
2019-06-06 20:29:29,732 DEBUG org.springframework.security.web.FilterChainProxy$VirtualFilterChain [http-nio-8080-exec-2] /oauth/token at position 2 of 11 in additional filter chain; firing Filter: 'SecurityContextPersistenceFilter'
2019-06-06 20:29:29,732 DEBUG org.springframework.security.web.FilterChainProxy$VirtualFilterChain [http-nio-8080-exec-2] /oauth/token at position 3 of 11 in additional filter chain; firing Filter: 'HeaderWriterFilter'
2019-06-06 20:29:29,732 DEBUG org.springframework.security.web.FilterChainProxy$VirtualFilterChain [http-nio-8080-exec-2] /oauth/token at position 4 of 11 in additional filter chain; firing Filter: 'LogoutFilter'
2019-06-06 20:29:29,732 DEBUG org.springframework.security.web.util.matcher.OrRequestMatcher [http-nio-8080-exec-2] Trying to match using Ant [pattern='/logout', GET]
2019-06-06 20:29:29,732 DEBUG org.springframework.security.web.util.matcher.AntPathRequestMatcher [http-nio-8080-exec-2] Request 'POST /oauth/token' doesn't match 'GET /logout'
2019-06-06 20:29:29,732 DEBUG org.springframework.security.web.util.matcher.OrRequestMatcher [http-nio-8080-exec-2] Trying to match using Ant [pattern='/logout', POST]
2019-06-06 20:29:29,732 DEBUG org.springframework.security.web.util.matcher.AntPathRequestMatcher [http-nio-8080-exec-2] Checking match of request : '/oauth/token'; against '/logout'
2019-06-06 20:29:29,732 DEBUG org.springframework.security.web.util.matcher.OrRequestMatcher [http-nio-8080-exec-2] Trying to match using Ant [pattern='/logout', PUT]
2019-06-06 20:29:29,733 DEBUG org.springframework.security.web.util.matcher.AntPathRequestMatcher [http-nio-8080-exec-2] Request 'POST /oauth/token' doesn't match 'PUT /logout'
2019-06-06 20:29:29,733 DEBUG org.springframework.security.web.util.matcher.OrRequestMatcher [http-nio-8080-exec-2] Trying to match using Ant [pattern='/logout', DELETE]
2019-06-06 20:29:29,733 DEBUG org.springframework.security.web.util.matcher.AntPathRequestMatcher [http-nio-8080-exec-2] Request 'POST /oauth/token' doesn't match 'DELETE /logout'
2019-06-06 20:29:29,733 DEBUG org.springframework.security.web.util.matcher.OrRequestMatcher [http-nio-8080-exec-2] No matches found
2019-06-06 20:29:29,733 DEBUG org.springframework.security.web.FilterChainProxy$VirtualFilterChain [http-nio-8080-exec-2] /oauth/token at position 5 of 11 in additional filter chain; firing Filter: 'BasicAuthenticationFilter'
2019-06-06 20:29:29,733 DEBUG org.springframework.security.web.authentication.www.BasicAuthenticationFilter [http-nio-8080-exec-2] Basic Authentication Authorization header found for user 'codinggate'
2019-06-06 20:29:29,733 DEBUG org.springframework.security.authentication.ProviderManager [http-nio-8080-exec-2] Authentication attempt using org.springframework.security.authentication.dao.DaoAuthenticationProvider
2019-06-06 20:29:29,733 TRACE org.springframework.beans.factory.support.AbstractBeanFactory [http-nio-8080-exec-2] Returning cached instance of singleton bean 'scopedTarget.clientDetailsService'
2019-06-06 20:29:29,734 DEBUG org.springframework.security.web.header.writers.HstsHeaderWriter [http-nio-8080-exec-2] Not injecting HSTS header since it did not match the requestMatcher org.springframework.security.web.header.writers.HstsHeaderWriter$SecureRequestMatcher@4f89d078
2019-06-06 20:29:29,734 DEBUG org.springframework.security.web.context.SecurityContextPersistenceFilter [http-nio-8080-exec-2] SecurityContextHolder now cleared, as request processing completed
2019-06-06 20:29:29,734 TRACE org.springframework.web.filter.RequestContextFilter [http-nio-8080-exec-2] Cleared thread-bound request context: org.apache.catalina.connector.RequestFacade@2f077128
2019-06-06 20:29:29,734 DEBUG org.springframework.security.web.util.matcher.OrRequestMatcher [http-nio-8080-exec-2] Trying to match using Ant [pattern='/oauth/token']
2019-06-06 20:29:29,735 DEBUG org.springframework.security.web.util.matcher.AntPathRequestMatcher [http-nio-8080-exec-2] Checking match of request : '/error'; against '/oauth/token'
2019-06-06 20:29:29,735 DEBUG org.springframework.security.web.util.matcher.OrRequestMatcher [http-nio-8080-exec-2] Trying to match using Ant [pattern='/oauth/token_key']
2019-06-06 20:29:29,735 DEBUG org.springframework.security.web.util.matcher.AntPathRequestMatcher [http-nio-8080-exec-2] Checking match of request : '/error'; against '/oauth/token_key'
2019-06-06 20:29:29,735 DEBUG org.springframework.security.web.util.matcher.OrRequestMatcher [http-nio-8080-exec-2] Trying to match using Ant [pattern='/oauth/check_token']
2019-06-06 20:29:29,735 DEBUG org.springframework.security.web.util.matcher.AntPathRequestMatcher [http-nio-8080-exec-2] Checking match of request : '/error'; against '/oauth/check_token'
2019-06-06 20:29:29,735 DEBUG org.springframework.security.web.util.matcher.OrRequestMatcher [http-nio-8080-exec-2] No matches found
2019-06-06 20:29:29,735 DEBUG org.springframework.security.web.FilterChainProxy$VirtualFilterChain [http-nio-8080-exec-2] /error at position 1 of 15 in additional filter chain; firing Filter: 'WebAsyncManagerIntegrationFilter'
2019-06-06 20:29:29,735 DEBUG org.springframework.security.web.FilterChainProxy$VirtualFilterChain [http-nio-8080-exec-2] /error at position 2 of 15 in additional filter chain; firing Filter: 'SecurityContextPersistenceFilter'
2019-06-06 20:29:29,735 DEBUG org.springframework.security.web.context.HttpSessionSecurityContextRepository [http-nio-8080-exec-2] No HttpSession currently exists
2019-06-06 20:29:29,735 DEBUG org.springframework.security.web.context.HttpSessionSecurityContextRepository [http-nio-8080-exec-2] No SecurityContext was available from the HttpSession: null. A new one will be created.
2019-06-06 20:29:29,735 DEBUG org.springframework.security.web.FilterChainProxy$VirtualFilterChain [http-nio-8080-exec-2] /error at position 3 of 15 in additional filter chain; firing Filter: 'HeaderWriterFilter'
2019-06-06 20:29:29,736 DEBUG org.springframework.security.web.FilterChainProxy$VirtualFilterChain [http-nio-8080-exec-2] /error at position 4 of 15 in additional filter chain; firing Filter: 'CsrfFilter'
2019-06-06 20:29:29,736 DEBUG org.springframework.security.web.FilterChainProxy$VirtualFilterChain [http-nio-8080-exec-2] /error at position 5 of 15 in additional filter chain; firing Filter: 'LogoutFilter'
2019-06-06 20:29:29,736 DEBUG org.springframework.security.web.util.matcher.AntPathRequestMatcher [http-nio-8080-exec-2] Checking match of request : '/error'; against '/logout'
2019-06-06 20:29:29,736 DEBUG org.springframework.security.web.FilterChainProxy$VirtualFilterChain [http-nio-8080-exec-2] /error at position 6 of 15 in additional filter chain; firing Filter: 'UsernamePasswordAuthenticationFilter'
2019-06-06 20:29:29,736 DEBUG org.springframework.security.web.util.matcher.AntPathRequestMatcher [http-nio-8080-exec-2] Checking match of request : '/error'; against '/login'
2019-06-06 20:29:29,736 DEBUG org.springframework.security.web.FilterChainProxy$VirtualFilterChain [http-nio-8080-exec-2] /error at position 7 of 15 in additional filter chain; firing Filter: 'DefaultLoginPageGeneratingFilter'
2019-06-06 20:29:29,736 DEBUG org.springframework.security.web.FilterChainProxy$VirtualFilterChain [http-nio-8080-exec-2] /error at position 8 of 15 in additional filter chain; firing Filter: 'DefaultLogoutPageGeneratingFilter'
2019-06-06 20:29:29,736 DEBUG org.springframework.security.web.FilterChainProxy$VirtualFilterChain [http-nio-8080-exec-2] /error at position 9 of 15 in additional filter chain; firing Filter: 'BasicAuthenticationFilter'
2019-06-06 20:29:29,736 DEBUG org.springframework.security.web.FilterChainProxy$VirtualFilterChain [http-nio-8080-exec-2] /error at position 10 of 15 in additional filter chain; firing Filter: 'RequestCacheAwareFilter'
2019-06-06 20:29:29,737 DEBUG org.springframework.security.web.savedrequest.HttpSessionRequestCache [http-nio-8080-exec-2] saved request doesn't match
2019-06-06 20:29:29,737 DEBUG org.springframework.security.web.FilterChainProxy$VirtualFilterChain [http-nio-8080-exec-2] /error at position 11 of 15 in additional filter chain; firing Filter: 'SecurityContextHolderAwareRequestFilter'
2019-06-06 20:29:29,737 DEBUG org.springframework.security.web.FilterChainProxy$VirtualFilterChain [http-nio-8080-exec-2] /error at position 12 of 15 in additional filter chain; firing Filter: 'AnonymousAuthenticationFilter'
2019-06-06 20:29:29,737 DEBUG org.springframework.security.web.authentication.AnonymousAuthenticationFilter [http-nio-8080-exec-2] Populated SecurityContextHolder with anonymous token: 'org.springframework.security.authentication.AnonymousAuthenticationToken@4188f5a: Principal: anonymousUser; Credentials: [PROTECTED]; Authenticated: true; Details: org.springframework.security.web.authentication.WebAuthenticationDetails@b364: RemoteIpAddress: 0:0:0:0:0:0:0:1; SessionId: null; Granted Authorities: ROLE_ANONYMOUS'
2019-06-06 20:29:29,737 DEBUG org.springframework.security.web.FilterChainProxy$VirtualFilterChain [http-nio-8080-exec-2] /error at position 13 of 15 in additional filter chain; firing Filter: 'SessionManagementFilter'
2019-06-06 20:29:29,737 DEBUG org.springframework.security.web.FilterChainProxy$VirtualFilterChain [http-nio-8080-exec-2] /error at position 14 of 15 in additional filter chain; firing Filter: 'ExceptionTranslationFilter'
2019-06-06 20:29:29,737 DEBUG org.springframework.security.web.FilterChainProxy$VirtualFilterChain [http-nio-8080-exec-2] /error at position 15 of 15 in additional filter chain; firing Filter: 'FilterSecurityInterceptor'
2019-06-06 20:29:29,737 DEBUG org.springframework.security.access.intercept.AbstractSecurityInterceptor [http-nio-8080-exec-2] Secure object: FilterInvocation: URL: /error; Attributes: [authenticated]
2019-06-06 20:29:29,737 DEBUG org.springframework.security.access.intercept.AbstractSecurityInterceptor [http-nio-8080-exec-2] Previously Authenticated: org.springframework.security.authentication.AnonymousAuthenticationToken@4188f5a: Principal: anonymousUser; Credentials: [PROTECTED]; Authenticated: true; Details: org.springframework.security.web.authentication.WebAuthenticationDetails@b364: RemoteIpAddress: 0:0:0:0:0:0:0:1; SessionId: null; Granted Authorities: ROLE_ANONYMOUS
2019-06-06 20:29:29,738 DEBUG org.springframework.security.access.vote.AffirmativeBased [http-nio-8080-exec-2] Voter: org.springframework.security.web.access.expression.WebExpressionVoter@7be22a38, returned: -1
2019-06-06 20:29:29,739 DEBUG org.springframework.security.web.access.ExceptionTranslationFilter [http-nio-8080-exec-2] Access is denied (user is anonymous); redirecting to authentication entry point
org.springframework.security.access.AccessDeniedException: Access is denied
	at org.springframework.security.access.vote.AffirmativeBased.decide(AffirmativeBased.java:84)
	at org.springframework.security.access.intercept.AbstractSecurityInterceptor.beforeInvocation(AbstractSecurityInterceptor.java:233)
	at org.springframework.security.web.access.intercept.FilterSecurityInterceptor.invoke(FilterSecurityInterceptor.java:124)
	at org.springframework.security.web.access.intercept.FilterSecurityInterceptor.doFilter(FilterSecurityInterceptor.java:91)
	at org.springframework.security.web.FilterChainProxy$VirtualFilterChain.doFilter(FilterChainProxy.java:334)
	at org.springframework.security.web.access.ExceptionTranslationFilter.doFilter(ExceptionTranslationFilter.java:119)
	at org.springframework.security.web.FilterChainProxy$VirtualFilterChain.doFilter(FilterChainProxy.java:334)
	at org.springframework.security.web.session.SessionManagementFilter.doFilter(SessionManagementFilter.java:137)
	at org.springframework.security.web.FilterChainProxy$VirtualFilterChain.doFilter(FilterChainProxy.java:334)
	at org.springframework.security.web.authentication.AnonymousAuthenticationFilter.doFilter(AnonymousAuthenticationFilter.java:111)
	at org.springframework.security.web.FilterChainProxy$VirtualFilterChain.doFilter(FilterChainProxy.java:334)
	at org.springframework.security.web.servletapi.SecurityContextHolderAwareRequestFilter.doFilter(SecurityContextHolderAwareRequestFilter.java:170)
	at org.springframework.security.web.FilterChainProxy$VirtualFilterChain.doFilter(FilterChainProxy.java:334)
	at org.springframework.security.web.savedrequest.RequestCacheAwareFilter.doFilter(RequestCacheAwareFilter.java:63)
	at org.springframework.security.web.FilterChainProxy$VirtualFilterChain.doFilter(FilterChainProxy.java:334)
	at org.springframework.web.filter.OncePerRequestFilter.doFilter(OncePerRequestFilter.java:101)
	at org.springframework.security.web.FilterChainProxy$VirtualFilterChain.doFilter(FilterChainProxy.java:334)
	at org.springframework.web.filter.OncePerRequestFilter.doFilter(OncePerRequestFilter.java:101)
	at org.springframework.security.web.FilterChainProxy$VirtualFilterChain.doFilter(FilterChainProxy.java:334)
	at org.springframework.security.web.authentication.ui.DefaultLoginPageGeneratingFilter.doFilter(DefaultLoginPageGeneratingFilter.java:206)
	at org.springframework.security.web.FilterChainProxy$VirtualFilterChain.doFilter(FilterChainProxy.java:334)
	at org.springframework.security.web.authentication.AbstractAuthenticationProcessingFilter.doFilter(AbstractAuthenticationProcessingFilter.java:200)
	at org.springframework.security.web.FilterChainProxy$VirtualFilterChain.doFilter(FilterChainProxy.java:334)
	at org.springframework.security.web.authentication.logout.LogoutFilter.doFilter(LogoutFilter.java:116)
	at org.springframework.security.web.FilterChainProxy$VirtualFilterChain.doFilter(FilterChainProxy.java:334)
	at org.springframework.web.filter.OncePerRequestFilter.doFilter(OncePerRequestFilter.java:101)
	at org.springframework.security.web.FilterChainProxy$VirtualFilterChain.doFilter(FilterChainProxy.java:334)
	at org.springframework.web.filter.OncePerRequestFilter.doFilter(OncePerRequestFilter.java:101)
	at org.springframework.security.web.FilterChainProxy$VirtualFilterChain.doFilter(FilterChainProxy.java:334)
	at org.springframework.security.web.context.SecurityContextPersistenceFilter.doFilter(SecurityContextPersistenceFilter.java:105)
	at org.springframework.security.web.FilterChainProxy$VirtualFilterChain.doFilter(FilterChainProxy.java:334)
	at org.springframework.web.filter.OncePerRequestFilter.doFilter(OncePerRequestFilter.java:101)
	at org.springframework.security.web.FilterChainProxy$VirtualFilterChain.doFilter(FilterChainProxy.java:334)
	at org.springframework.security.web.FilterChainProxy.doFilterInternal(FilterChainProxy.java:215)
	at org.springframework.security.web.FilterChainProxy.doFilter(FilterChainProxy.java:178)
	at org.springframework.web.filter.DelegatingFilterProxy.invokeDelegate(DelegatingFilterProxy.java:357)
	at org.springframework.web.filter.DelegatingFilterProxy.doFilter(DelegatingFilterProxy.java:270)
	at org.apache.catalina.core.ApplicationFilterChain.internalDoFilter(ApplicationFilterChain.java:193)
	at org.apache.catalina.core.ApplicationFilterChain.doFilter(ApplicationFilterChain.java:166)
	at org.apache.catalina.core.ApplicationDispatcher.invoke(ApplicationDispatcher.java:712)
	at org.apache.catalina.core.ApplicationDispatcher.processRequest(ApplicationDispatcher.java:461)
	at org.apache.catalina.core.ApplicationDispatcher.doForward(ApplicationDispatcher.java:384)
	at org.apache.catalina.core.ApplicationDispatcher.forward(ApplicationDispatcher.java:312)
	at org.apache.catalina.core.StandardHostValve.custom(StandardHostValve.java:394)
	at org.apache.catalina.core.StandardHostValve.status(StandardHostValve.java:253)
	at org.apache.catalina.core.StandardHostValve.throwable(StandardHostValve.java:348)
	at org.apache.catalina.core.StandardHostValve.invoke(StandardHostValve.java:173)
	at org.apache.catalina.valves.ErrorReportValve.invoke(ErrorReportValve.java:92)
	at org.apache.catalina.core.StandardEngineValve.invoke(StandardEngineValve.java:74)
	at org.apache.catalina.connector.CoyoteAdapter.service(CoyoteAdapter.java:343)
	at org.apache.coyote.http11.Http11Processor.service(Http11Processor.java:408)
	at org.apache.coyote.AbstractProcessorLight.process(AbstractProcessorLight.java:66)
	at org.apache.coyote.AbstractProtocol$ConnectionHandler.process(AbstractProtocol.java:834)
	at org.apache.tomcat.util.net.NioEndpoint$SocketProcessor.doRun(NioEndpoint.java:1415)
	at org.apache.tomcat.util.net.SocketProcessorBase.run(SocketProcessorBase.java:49)
	at java.util.concurrent.ThreadPoolExecutor.runWorker(Unknown Source)
	at java.util.concurrent.ThreadPoolExecutor$Worker.run(Unknown Source)
	at org.apache.tomcat.util.threads.TaskThread$WrappingRunnable.run(TaskThread.java:61)
	at java.lang.Thread.run(Unknown Source)
2019-06-06 20:29:29,740 DEBUG org.springframework.security.web.util.matcher.AndRequestMatcher [http-nio-8080-exec-2] Trying to match using Ant [pattern='/**', GET]
2019-06-06 20:29:29,740 DEBUG org.springframework.security.web.util.matcher.AntPathRequestMatcher [http-nio-8080-exec-2] Request 'POST /error' doesn't match 'GET /**'
2019-06-06 20:29:29,740 DEBUG org.springframework.security.web.util.matcher.AndRequestMatcher [http-nio-8080-exec-2] Did not match
2019-06-06 20:29:29,740 DEBUG org.springframework.security.web.savedrequest.HttpSessionRequestCache [http-nio-8080-exec-2] Request not saved as configured RequestMatcher did not match
2019-06-06 20:29:29,740 DEBUG org.springframework.security.web.access.ExceptionTranslationFilter [http-nio-8080-exec-2] Calling Authentication entry point.
2019-06-06 20:29:29,740 DEBUG org.springframework.security.web.authentication.DelegatingAuthenticationEntryPoint [http-nio-8080-exec-2] Trying to match using AndRequestMatcher [requestMatchers=[NegatedRequestMatcher [requestMatcher=RequestHeaderRequestMatcher [expectedHeaderName=X-Requested-With, expectedHeaderValue=XMLHttpRequest]], MediaTypeRequestMatcher [contentNegotiationStrategy=org.springframework.web.accept.ContentNegotiationManager@42520044, matchingMediaTypes=[application/xhtml+xml, image/*, text/html, text/plain], useEquals=false, ignoredMediaTypes=[*/*]]]]
2019-06-06 20:29:29,741 DEBUG org.springframework.security.web.util.matcher.AndRequestMatcher [http-nio-8080-exec-2] Trying to match using NegatedRequestMatcher [requestMatcher=RequestHeaderRequestMatcher [expectedHeaderName=X-Requested-With, expectedHeaderValue=XMLHttpRequest]]
2019-06-06 20:29:29,741 DEBUG org.springframework.security.web.util.matcher.NegatedRequestMatcher [http-nio-8080-exec-2] matches = true
2019-06-06 20:29:29,741 DEBUG org.springframework.security.web.util.matcher.AndRequestMatcher [http-nio-8080-exec-2] Trying to match using MediaTypeRequestMatcher [contentNegotiationStrategy=org.springframework.web.accept.ContentNegotiationManager@42520044, matchingMediaTypes=[application/xhtml+xml, image/*, text/html, text/plain], useEquals=false, ignoredMediaTypes=[*/*]]
2019-06-06 20:29:29,741 DEBUG org.springframework.security.web.util.matcher.MediaTypeRequestMatcher [http-nio-8080-exec-2] httpRequestMediaTypes=[*/*]
2019-06-06 20:29:29,741 DEBUG org.springframework.security.web.util.matcher.MediaTypeRequestMatcher [http-nio-8080-exec-2] Processing */*
2019-06-06 20:29:29,741 DEBUG org.springframework.security.web.util.matcher.MediaTypeRequestMatcher [http-nio-8080-exec-2] Ignoring
2019-06-06 20:29:29,741 DEBUG org.springframework.security.web.util.matcher.MediaTypeRequestMatcher [http-nio-8080-exec-2] Did not match any media types
2019-06-06 20:29:29,741 DEBUG org.springframework.security.web.util.matcher.AndRequestMatcher [http-nio-8080-exec-2] Did not match
2019-06-06 20:29:29,742 DEBUG org.springframework.security.web.authentication.DelegatingAuthenticationEntryPoint [http-nio-8080-exec-2] Trying to match using OrRequestMatcher [requestMatchers=[RequestHeaderRequestMatcher [expectedHeaderName=X-Requested-With, expectedHeaderValue=XMLHttpRequest], AndRequestMatcher [requestMatchers=[NegatedRequestMatcher [requestMatcher=MediaTypeRequestMatcher [contentNegotiationStrategy=org.springframework.web.accept.ContentNegotiationManager@42520044, matchingMediaTypes=[text/html], useEquals=false, ignoredMediaTypes=[]]], MediaTypeRequestMatcher [contentNegotiationStrategy=org.springframework.web.accept.ContentNegotiationManager@42520044, matchingMediaTypes=[application/atom+xml, application/x-www-form-urlencoded, application/json, application/octet-stream, application/xml, multipart/form-data, text/xml], useEquals=false, ignoredMediaTypes=[*/*]]]], MediaTypeRequestMatcher [contentNegotiationStrategy=org.springframework.web.accept.ContentNegotiationManager@42520044, matchingMediaTypes=[*/*], useEquals=true, ignoredMediaTypes=[]]]]
2019-06-06 20:29:29,742 DEBUG org.springframework.security.web.util.matcher.OrRequestMatcher [http-nio-8080-exec-2] Trying to match using RequestHeaderRequestMatcher [expectedHeaderName=X-Requested-With, expectedHeaderValue=XMLHttpRequest]
2019-06-06 20:29:29,742 DEBUG org.springframework.security.web.util.matcher.OrRequestMatcher [http-nio-8080-exec-2] Trying to match using AndRequestMatcher [requestMatchers=[NegatedRequestMatcher [requestMatcher=MediaTypeRequestMatcher [contentNegotiationStrategy=org.springframework.web.accept.ContentNegotiationManager@42520044, matchingMediaTypes=[text/html], useEquals=false, ignoredMediaTypes=[]]], MediaTypeRequestMatcher [contentNegotiationStrategy=org.springframework.web.accept.ContentNegotiationManager@42520044, matchingMediaTypes=[application/atom+xml, application/x-www-form-urlencoded, application/json, application/octet-stream, application/xml, multipart/form-data, text/xml], useEquals=false, ignoredMediaTypes=[*/*]]]]
2019-06-06 20:29:29,742 DEBUG org.springframework.security.web.util.matcher.AndRequestMatcher [http-nio-8080-exec-2] Trying to match using NegatedRequestMatcher [requestMatcher=MediaTypeRequestMatcher [contentNegotiationStrategy=org.springframework.web.accept.ContentNegotiationManager@42520044, matchingMediaTypes=[text/html], useEquals=false, ignoredMediaTypes=[]]]
2019-06-06 20:29:29,742 DEBUG org.springframework.security.web.util.matcher.MediaTypeRequestMatcher [http-nio-8080-exec-2] httpRequestMediaTypes=[*/*]
2019-06-06 20:29:29,742 DEBUG org.springframework.security.web.util.matcher.MediaTypeRequestMatcher [http-nio-8080-exec-2] Processing */*
2019-06-06 20:29:29,742 DEBUG org.springframework.security.web.util.matcher.MediaTypeRequestMatcher [http-nio-8080-exec-2] text/html .isCompatibleWith */* = true
2019-06-06 20:29:29,743 DEBUG org.springframework.security.web.util.matcher.NegatedRequestMatcher [http-nio-8080-exec-2] matches = false
2019-06-06 20:29:29,743 DEBUG org.springframework.security.web.util.matcher.AndRequestMatcher [http-nio-8080-exec-2] Did not match
2019-06-06 20:29:29,743 DEBUG org.springframework.security.web.util.matcher.OrRequestMatcher [http-nio-8080-exec-2] Trying to match using MediaTypeRequestMatcher [contentNegotiationStrategy=org.springframework.web.accept.ContentNegotiationManager@42520044, matchingMediaTypes=[*/*], useEquals=true, ignoredMediaTypes=[]]
2019-06-06 20:29:29,743 DEBUG org.springframework.security.web.util.matcher.MediaTypeRequestMatcher [http-nio-8080-exec-2] httpRequestMediaTypes=[*/*]
2019-06-06 20:29:29,743 DEBUG org.springframework.security.web.util.matcher.MediaTypeRequestMatcher [http-nio-8080-exec-2] Processing */*
2019-06-06 20:29:29,743 DEBUG org.springframework.security.web.util.matcher.MediaTypeRequestMatcher [http-nio-8080-exec-2] isEqualTo true
2019-06-06 20:29:29,743 DEBUG org.springframework.security.web.util.matcher.OrRequestMatcher [http-nio-8080-exec-2] matched
2019-06-06 20:29:29,743 DEBUG org.springframework.security.web.authentication.DelegatingAuthenticationEntryPoint [http-nio-8080-exec-2] Match found! Executing org.springframework.security.web.authentication.DelegatingAuthenticationEntryPoint@7551da2a
2019-06-06 20:29:29,744 DEBUG org.springframework.security.web.authentication.DelegatingAuthenticationEntryPoint [http-nio-8080-exec-2] Trying to match using RequestHeaderRequestMatcher [expectedHeaderName=X-Requested-With, expectedHeaderValue=XMLHttpRequest]
2019-06-06 20:29:29,744 DEBUG org.springframework.security.web.authentication.DelegatingAuthenticationEntryPoint [http-nio-8080-exec-2] No match found. Using default entry point org.springframework.security.web.authentication.www.BasicAuthenticationEntryPoint@3e7094db
2019-06-06 20:29:29,744 DEBUG org.springframework.security.web.context.HttpSessionSecurityContextRepository$SaveToSessionResponseWrapper [http-nio-8080-exec-2] SecurityContext is empty or contents are anonymous - context will not be stored in HttpSession.
2019-06-06 20:29:29,744 DEBUG org.springframework.security.web.context.SecurityContextPersistenceFilter [http-nio-8080-exec-2] SecurityContextHolder now cleared, as request processing completed
